<?xml version="1.0" encoding="UTF-8"?>
<!-- Generated by org.testng.reporters.JUnitXMLReporter -->
<testsuite ignored="0" hostname="kavinslaptop" failures="0" tests="3" name="smoke" time="23.785" errors="0" timestamp="2022-03-22T20:03:41 EDT">
  <testcase classname="practice.TestSelenium" name="Display" time="2.095"/>
  <testcase classname="practice.TestSelenium" name="Display" time="2.123"/>
  <testcase classname="practice.TestSelenium" name="Display" time="2.089"/>
</testsuite> <!-- smoke -->
